0 info it worked if it ends with ok
1 verbose cli [ '/usr/local/bin/node', '/usr/local/bin/npm', 'run', 'deploy' ]
2 info using npm@3.10.8
3 info using node@v7.0.0
4 verbose run-script [ 'predeploy', 'deploy', 'postdeploy' ]
5 info lifecycle pibiti2016@1.0.0~predeploy: pibiti2016@1.0.0
6 silly lifecycle pibiti2016@1.0.0~predeploy: no script for predeploy, continuing
7 info lifecycle pibiti2016@1.0.0~deploy: pibiti2016@1.0.0
8 verbose lifecycle pibiti2016@1.0.0~deploy: unsafe-perm in lifecycle true
9 verbose lifecycle pibiti2016@1.0.0~deploy: PATH: /usr/local/lib/node_modules/npm/bin/node-gyp-bin:/opt/lampp/htdocs/pibiti/node_modules/.bin:/home/reisnobre/bin:/home/reisnobre/.local/bin:/usr/local/sbin:/usr/local/bin:/usr/sbin:/usr/bin:/sbin:/bin:/usr/games:/usr/local/games:/snap/bin
10 verbose lifecycle pibiti2016@1.0.0~deploy: CWD: /opt/lampp/htdocs/pibiti
11 silly lifecycle pibiti2016@1.0.0~deploy: Args: [ '-c', 'bash ./deploy.sh' ]
12 info lifecycle pibiti2016@1.0.0~deploy: Failed to exec deploy script
13 verbose stack Error: pibiti2016@1.0.0 deploy: `bash ./deploy.sh`
13 verbose stack spawn ENOENT
13 verbose stack     at ChildProcess.<anonymous> (/usr/local/lib/node_modules/npm/lib/utils/spawn.js:33:16)
13 verbose stack     at emitTwo (events.js:106:13)
13 verbose stack     at ChildProcess.emit (events.js:191:7)
13 verbose stack     at maybeClose (internal/child_process.js:877:16)
13 verbose stack     at Process.ChildProcess._handle.onexit (internal/child_process.js:226:5)
14 verbose pkgid pibiti2016@1.0.0
15 verbose cwd /opt/lampp/htdocs/pibiti
16 error Linux 4.4.0-71-generic
17 error argv "/usr/local/bin/node" "/usr/local/bin/npm" "run" "deploy"
18 error node v7.0.0
19 error npm  v3.10.8
20 error file sh
21 error code ELIFECYCLE
22 error errno ENOENT
23 error syscall spawn
24 error pibiti2016@1.0.0 deploy: `bash ./deploy.sh`
24 error spawn ENOENT
25 error Failed at the pibiti2016@1.0.0 deploy script 'bash ./deploy.sh'.
25 error Make sure you have the latest version of node.js and npm installed.
25 error If you do, this is most likely a problem with the pibiti2016 package,
25 error not with npm itself.
25 error Tell the author that this fails on your system:
25 error     bash ./deploy.sh
25 error You can get information on how to open an issue for this project with:
25 error     npm bugs pibiti2016
25 error Or if that isn't available, you can get their info via:
25 error     npm owner ls pibiti2016
25 error There is likely additional logging output above.
26 verbose exit [ 1, true ]
